c:\arvorebinaria\arvorebinaria\x64\debug\vc143.pdb
c:\arvorebinaria\arvorebinaria\x64\debug\vc143.idb
c:\arvorebinaria\arvorebinaria\x64\debug\main.obj
c:\arvorebinaria\arvorebinaria\x64\debug\arvorebinaria.obj
c:\arvorebinaria\arvorebinaria\x64\debug\arvorebinaria.ilk
c:\arvorebinaria\x64\debug\arvorebinaria.pdb
c:\arvorebinaria\arvorebinaria\x64\debug\arvorebinaria.tlog\cl.command.1.tlog
c:\arvorebinaria\arvorebinaria\x64\debug\arvorebinaria.tlog\cl.items.tlog
c:\arvorebinaria\arvorebinaria\x64\debug\arvorebinaria.tlog\cl.read.1.tlog
c:\arvorebinaria\arvorebinaria\x64\debug\arvorebinaria.tlog\cl.write.1.tlog
c:\arvorebinaria\arvorebinaria\x64\debug\arvorebinaria.tlog\link-cvtres.read.1.tlog
c:\arvorebinaria\arvorebinaria\x64\debug\arvorebinaria.tlog\link-cvtres.write.1.tlog
c:\arvorebinaria\arvorebinaria\x64\debug\arvorebinaria.tlog\link-rc.read.1.tlog
c:\arvorebinaria\arvorebinaria\x64\debug\arvorebinaria.tlog\link-rc.write.1.tlog
c:\arvorebinaria\arvorebinaria\x64\debug\arvorebinaria.tlog\link.4336-cvtres.read.1.tlog
c:\arvorebinaria\arvorebinaria\x64\debug\arvorebinaria.tlog\link.4336-cvtres.write.1.tlog
c:\arvorebinaria\arvorebinaria\x64\debug\arvorebinaria.tlog\link.4336-rc.read.1.tlog
c:\arvorebinaria\arvorebinaria\x64\debug\arvorebinaria.tlog\link.4336-rc.write.1.tlog
c:\arvorebinaria\arvorebinaria\x64\debug\arvorebinaria.tlog\link.4336.read.1.tlog
c:\arvorebinaria\arvorebinaria\x64\debug\arvorebinaria.tlog\link.4336.read.2.tlog
c:\arvorebinaria\arvorebinaria\x64\debug\arvorebinaria.tlog\link.4336.write.1.tlog
c:\arvorebinaria\arvorebinaria\x64\debug\arvorebinaria.tlog\link.command.1.tlog
c:\arvorebinaria\arvorebinaria\x64\debug\arvorebinaria.tlog\link.read.1.tlog
c:\arvorebinaria\arvorebinaria\x64\debug\arvorebinaria.tlog\link.read.2.tlog
c:\arvorebinaria\arvorebinaria\x64\debug\arvorebinaria.tlog\link.secondary.1.tlog
c:\arvorebinaria\arvorebinaria\x64\debug\arvorebinaria.tlog\link.write.1.tlog
